TAC[TAC_VECDEFBEGIN, veeeetor, 10, ]
TAC[TAC_VECDEFEND, veeeetor, , ]
TAC[TAC_VECDEFBEGIN, vector, 4, ]
TAC[TAC_VECDEF, vector, 'a', 0]
TAC[TAC_VECDEF, vector, 'b', 1]
TAC[TAC_VECDEF, vector, 'c', 2]
TAC[TAC_VECDEF, vector, 'd', 3]
TAC[TAC_VECDEFEND, vector, , ]
TAC[TAC_FUNCTIONBEGIN, soma, , ]
TAC[TAC_ADD, temp_119, a., b.]
TAC[TAC_RETURN, temp_119, , ]
TAC[TAC_FUNCTIONEND, soma, , ]
TAC[TAC_FUNCTIONBEGIN, subtracao, , ]
TAC[TAC_SUB, temp_118, a.., b..]
TAC[TAC_RETURN, temp_118, , ]
TAC[TAC_FUNCTIONEND, subtracao, , ]
TAC[TAC_FUNCTIONBEGIN, multiplicacao, , ]
TAC[TAC_MUL, temp_117, a..., b...]
TAC[TAC_RETURN, temp_117, , ]
TAC[TAC_FUNCTIONEND, multiplicacao, , ]
TAC[TAC_FUNCTIONBEGIN, divisao, , ]
TAC[TAC_DIV, temp_116, a...., b....]
TAC[TAC_RETURN, temp_116, , ]
TAC[TAC_FUNCTIONEND, divisao, , ]
TAC[TAC_FUNCTIONBEGIN, testaVetor, , ]
TAC[TAC_PRINT, "vector[0]: ", , ]
TAC[TAC_VECACC, temp_115, vector, 0]
TAC[TAC_PRINT, temp_115, , ]
TAC[TAC_PRINT, "\n", , ]
TAC[TAC_PRINT, "vector[1]: ", , ]
TAC[TAC_VECACC, temp_113, vector, 1]
TAC[TAC_PRINT, temp_113, , ]
TAC[TAC_PRINT, "\n", , ]
TAC[TAC_PRINT, "vector[2]: ", , ]
TAC[TAC_VECACC, temp_111, vector, 2]
TAC[TAC_PRINT, temp_111, , ]
TAC[TAC_PRINT, "\n", , ]
TAC[TAC_PRINT, "vector[3]: ", , ]
TAC[TAC_VECACC, temp_109, vector, 3]
TAC[TAC_PRINT, temp_109, , ]
TAC[TAC_PRINT, "\n", , ]
TAC[TAC_PRINT, "vector[0] = soma(vector[0], vector[1]): ", , ]
TAC[TAC_VECACC, temp_106, vector, 0]
TAC[TAC_MOVE, a., temp_106, ]
TAC[TAC_VECACC, temp_107, vector, 1]
TAC[TAC_MOVE, b., temp_107, ]
TAC[TAC_FUNCTIONCALL, temp_105, soma, ]
TAC[TAC_PRINT, temp_105, , ]
TAC[TAC_PRINT, "\n", , ]
TAC[TAC_VECACC, temp_96, vector, 0]
TAC[TAC_MOVE, a., temp_96, ]
TAC[TAC_VECACC, temp_97, vector, 1]
TAC[TAC_MOVE, b., temp_97, ]
TAC[TAC_FUNCTIONCALL, temp_95, soma, ]
TAC[TAC_VECATT, vector, 0, temp_95]
TAC[TAC_PRINT, "vector[1] = subtracao(vector[1], vector[2]): ", , ]
TAC[TAC_VECACC, temp_91, vector, 1]
TAC[TAC_MOVE, a.., temp_91, ]
TAC[TAC_VECACC, temp_92, vector, 2]
TAC[TAC_MOVE, b.., temp_92, ]
TAC[TAC_FUNCTIONCALL, temp_90, subtracao, ]
TAC[TAC_PRINT, temp_90, , ]
TAC[TAC_PRINT, "\n", , ]
TAC[TAC_VECACC, temp_81, vector, 1]
TAC[TAC_MOVE, a.., temp_81, ]
TAC[TAC_VECACC, temp_82, vector, 2]
TAC[TAC_MOVE, b.., temp_82, ]
TAC[TAC_FUNCTIONCALL, temp_80, subtracao, ]
TAC[TAC_VECATT, vector, 1, temp_80]
TAC[TAC_PRINT, "vector[2] = multiplicacao(vector[2], vector[3]): ", , ]
TAC[TAC_VECACC, temp_76, vector, 2]
TAC[TAC_MOVE, a..., temp_76, ]
TAC[TAC_VECACC, temp_77, vector, 3]
TAC[TAC_MOVE, b..., temp_77, ]
TAC[TAC_FUNCTIONCALL, temp_75, multiplicacao, ]
TAC[TAC_PRINT, temp_75, , ]
TAC[TAC_PRINT, "\n", , ]
TAC[TAC_VECACC, temp_66, vector, 2]
TAC[TAC_MOVE, a..., temp_66, ]
TAC[TAC_VECACC, temp_67, vector, 3]
TAC[TAC_MOVE, b..., temp_67, ]
TAC[TAC_FUNCTIONCALL, temp_65, multiplicacao, ]
TAC[TAC_VECATT, vector, 2, temp_65]
TAC[TAC_PRINT, "vector[3] = divisao(vector[3], vector[0]): ", , ]
TAC[TAC_VECACC, temp_61, vector, 3]
TAC[TAC_MOVE, a...., temp_61, ]
TAC[TAC_VECACC, temp_62, vector, 0]
TAC[TAC_MOVE, b...., temp_62, ]
TAC[TAC_FUNCTIONCALL, temp_60, divisao, ]
TAC[TAC_PRINT, temp_60, , ]
TAC[TAC_PRINT, "\n", , ]
TAC[TAC_VECACC, temp_51, vector, 3]
TAC[TAC_MOVE, a...., temp_51, ]
TAC[TAC_VECACC, temp_52, vector, 0]
TAC[TAC_MOVE, b...., temp_52, ]
TAC[TAC_FUNCTIONCALL, temp_50, divisao, ]
TAC[TAC_VECATT, vector, 3, temp_50]
TAC[TAC_PRINT, "vector[0]: ", , ]
TAC[TAC_VECACC, temp_47, vector, 0]
TAC[TAC_PRINT, temp_47, , ]
TAC[TAC_PRINT, "\n", , ]
TAC[TAC_PRINT, "vector[1]: ", , ]
TAC[TAC_VECACC, temp_45, vector, 1]
TAC[TAC_PRINT, temp_45, , ]
TAC[TAC_PRINT, "\n", , ]
TAC[TAC_PRINT, "vector[2]: ", , ]
TAC[TAC_VECACC, temp_43, vector, 2]
TAC[TAC_PRINT, temp_43, , ]
TAC[TAC_PRINT, "\n", , ]
TAC[TAC_PRINT, "vector[3]: ", , ]
TAC[TAC_VECACC, temp_41, vector, 3]
TAC[TAC_PRINT, temp_41, , ]
TAC[TAC_PRINT, "\n", , ]
TAC[TAC_RETURN, 0, , ]
TAC[TAC_FUNCTIONEND, testaVetor, , ]
TAC[TAC_FUNCTIONBEGIN, recebeEntradaETestaSoma, , ]
TAC[TAC_PRINT, "Entre com um valor para x:\n", , ]
TAC[TAC_READ, temp_39, , ]
TAC[TAC_MOVE, x, temp_39, ]
TAC[TAC_PRINT, "Entre com um valor para y:\n", , ]
TAC[TAC_READ, temp_38, , ]
TAC[TAC_MOVE, y, temp_38, ]
TAC[TAC_PRINT, "Valor real que vai virar inteiro:\n", , ]
TAC[TAC_READ, temp_37, , ]
TAC[TAC_MOVE, f, temp_37, ]
TAC[TAC_PRINT, "Como inteiro: ", , ]
TAC[TAC_PRINT, f, , ]
TAC[TAC_PRINT, "\n", , ]
TAC[TAC_MOVE, a., x, ]
TAC[TAC_MOVE, b., y, ]
TAC[TAC_FUNCTIONCALL, temp_36, soma, ]
TAC[TAC_MOVE, z, temp_36, ]
TAC[TAC_PRINT, "soma(x, y) = ", , ]
TAC[TAC_MOVE, a., x, ]
TAC[TAC_MOVE, b., y, ]
TAC[TAC_FUNCTIONCALL, temp_35, soma, ]
TAC[TAC_PRINT, temp_35, , ]
TAC[TAC_PRINT, "\n", , ]
TAC[TAC_FUNCTIONEND, recebeEntradaETestaSoma, , ]
TAC[TAC_FUNCTIONBEGIN, comparaXeY, , ]
TAC[TAC_EQ, temp_33, x, y]
TAC[TAC_JFALSE, label_12, temp_33, ]
TAC[TAC_PRINT, "x == y", , ]
TAC[TAC_PRINT, "\n", , ]
TAC[TAC_JMP, label_13, , ]
TAC[TAC_LABEL, label_12, , ]
TAC[TAC_PRINT, "not x == y", , ]
TAC[TAC_PRINT, "\n", , ]
TAC[TAC_LABEL, label_13, , ]
TAC[TAC_GE, temp_31, x, y]
TAC[TAC_JFALSE, label_10, temp_31, ]
TAC[TAC_PRINT, "x >= y", , ]
TAC[TAC_PRINT, "\n", , ]
TAC[TAC_JMP, label_11, , ]
TAC[TAC_LABEL, label_10, , ]
TAC[TAC_PRINT, "not x >= y", , ]
TAC[TAC_PRINT, "\n", , ]
TAC[TAC_LABEL, label_11, , ]
TAC[TAC_LE, temp_29, x, y]
TAC[TAC_JFALSE, label_8, temp_29, ]
TAC[TAC_PRINT, "x <= y", , ]
TAC[TAC_PRINT, "\n", , ]
TAC[TAC_JMP, label_9, , ]
TAC[TAC_LABEL, label_8, , ]
TAC[TAC_PRINT, "not x <= y", , ]
TAC[TAC_PRINT, "\n", , ]
TAC[TAC_LABEL, label_9, , ]
TAC[TAC_GT, temp_27, x, y]
TAC[TAC_JFALSE, label_6, temp_27, ]
TAC[TAC_PRINT, "x > y", , ]
TAC[TAC_PRINT, "\n", , ]
TAC[TAC_JMP, label_7, , ]
TAC[TAC_LABEL, label_6, , ]
TAC[TAC_PRINT, "not x > y", , ]
TAC[TAC_PRINT, "\n", , ]
TAC[TAC_LABEL, label_7, , ]
TAC[TAC_LT, temp_25, x, y]
TAC[TAC_JFALSE, label_4, temp_25, ]
TAC[TAC_PRINT, "x < y", , ]
TAC[TAC_PRINT, "\n", , ]
TAC[TAC_JMP, label_5, , ]
TAC[TAC_LABEL, label_4, , ]
TAC[TAC_PRINT, "not x < y", , ]
TAC[TAC_PRINT, "\n", , ]
TAC[TAC_LABEL, label_5, , ]
TAC[TAC_DIF, temp_23, x, y]
TAC[TAC_JFALSE, label_2, temp_23, ]
TAC[TAC_PRINT, "x != y", , ]
TAC[TAC_PRINT, "\n", , ]
TAC[TAC_JMP, label_3, , ]
TAC[TAC_LABEL, label_2, , ]
TAC[TAC_PRINT, "not x != y", , ]
TAC[TAC_PRINT, "\n", , ]
TAC[TAC_LABEL, label_3, , ]
TAC[TAC_FUNCTIONEND, comparaXeY, , ]
TAC[TAC_FUNCTIONBEGIN, testeLoop, , ]
TAC[TAC_LABEL, label_1, , ]
TAC[TAC_LT, temp_19, x, y]
TAC[TAC_EQ, temp_16, x, 7]
TAC[TAC_EQ, temp_15, y, 5]
TAC[TAC_OR, temp_17, temp_16, temp_15]
TAC[TAC_NOT, temp_18, temp_17, ]
TAC[TAC_AND, temp_20, temp_19, temp_18]
TAC[TAC_JFALSE, label_0, temp_20, ]
TAC[TAC_BEGINBLOCK, , , ]
TAC[TAC_PRINT, "inc ", , ]
TAC[TAC_PRINT, x, , ]
TAC[TAC_ADD, temp_21, x, 1]
TAC[TAC_MOVE, x, temp_21, ]
TAC[TAC_PRINT, " -> ", , ]
TAC[TAC_PRINT, x, , ]
TAC[TAC_PRINT, "\n", , ]
TAC[TAC_ENDBLOCK, , , ]
TAC[TAC_JMP, label_1, , ]
TAC[TAC_LABEL, label_0, , ]
TAC[TAC_FUNCTIONEND, testeLoop, , ]
TAC[TAC_FUNCTIONBEGIN, divisaoImpossivel, , ]
TAC[TAC_DIV, temp_7, numeradorDivisaoImpossivel, 0]
TAC[TAC_RETURN, temp_7, , ]
TAC[TAC_FUNCTIONEND, divisaoImpossivel, , ]
TAC[TAC_FUNCTIONBEGIN, main, , ]
TAC[TAC_MOVE, x, 1, ]
TAC[TAC_MOVE, y, 20, ]
TAC[TAC_ADD, temp_5, x, 177]
TAC[TAC_MOVE, a., temp_5, ]
TAC[TAC_DIV, temp_6, y, 4]
TAC[TAC_MOVE, b., temp_6, ]
TAC[TAC_FUNCTIONCALL, temp_4, soma, ]
TAC[TAC_VECATT, vector, 0, temp_4]
TAC[TAC_VECACC, temp_1, vector, 0]
TAC[TAC_PRINT, temp_1, , ]
TAC[TAC_PRINT, "\n", , ]
TAC[TAC_RETURN, 0, , ]
TAC[TAC_FUNCTIONEND, main, , ]
LOG: t = .TAC_SYMBOL
LOG: t = .TAC_VECDEFBEGIN
LOG: t = .TAC_SYMBOL
LOG: t = .TAC_VECDEFBEGIN
LOG: t = .TAC_FUNCTIONBEGIN
LOG: t = .TAC_SYMBOL
LOG: t = .TAC_SYMBOL
LOG: t = .TAC_ADD
LOG: t = .TAC_RETURN
LOG: t = .TAC_FUNCTIONEND
LOG: t = .TAC_FUNCTIONBEGIN
LOG: t = .TAC_SYMBOL
LOG: t = .TAC_SYMBOL
LOG: t = .TAC_SUB
LOG: t = .TAC_RETURN
LOG: t = .TAC_FUNCTIONEND
LOG: t = .TAC_FUNCTIONBEGIN
LOG: t = .TAC_SYMBOL
LOG: t = .TAC_SYMBOL
LOG: t = .TAC_MUL
LOG: t = .TAC_RETURN
LOG: t = .TAC_FUNCTIONEND
LOG: t = .TAC_FUNCTIONBEGIN
LOG: t = .TAC_SYMBOL
LOG: t = .TAC_SYMBOL
LOG: t = .TAC_DIV
LOG: t = .TAC_RETURN
LOG: t = .TAC_FUNCTIONEND
LOG: t = .TAC_FUNCTIONBEGIN
LOG: t = .TAC_SYMBOL
LOG: t = .TAC_PRINT
LOG: t = .TAC_SYMBOL
LOG: t = .TAC_SYMBOL
LOG: t = .TAC_VECACC
LOG: t = .TAC_PRINT
LOG: t = .TAC_SYMBOL
LOG: t = .TAC_PRINT
LOG: t = .TAC_SYMBOL
LOG: t = .TAC_PRINT
LOG: t = .TAC_SYMBOL
LOG: t = .TAC_SYMBOL
LOG: t = .TAC_VECACC
LOG: t = .TAC_PRINT
LOG: t = .TAC_SYMBOL
LOG: t = .TAC_PRINT
LOG: t = .TAC_SYMBOL
LOG: t = .TAC_PRINT
LOG: t = .TAC_SYMBOL
LOG: t = .TAC_SYMBOL
LOG: t = .TAC_VECACC
LOG: t = .TAC_PRINT
LOG: t = .TAC_SYMBOL
LOG: t = .TAC_PRINT
LOG: t = .TAC_SYMBOL
LOG: t = .TAC_PRINT
LOG: t = .TAC_SYMBOL
LOG: t = .TAC_SYMBOL
LOG: t = .TAC_VECACC
LOG: t = .TAC_PRINT
LOG: t = .TAC_SYMBOL
LOG: t = .TAC_PRINT
LOG: t = .TAC_SYMBOL
LOG: t = .TAC_PRINT
LOG: t = .TAC_SYMBOL
LOG: t = .TAC_SYMBOL
LOG: t = .TAC_SYMBOL
LOG: t = .TAC_VECACC
LOG: t = .TAC_MOVE
LOG: t = .TAC_SYMBOL
LOG: t = .TAC_SYMBOL
LOG: t = .TAC_VECACC
LOG: t = .TAC_MOVE
LOG: t = .TAC_FUNCTIONCALL
LOG: t = .TAC_PRINT
LOG: t = .TAC_SYMBOL
LOG: t = .TAC_PRINT
LOG: t = .TAC_SYMBOL
LOG: t = .TAC_SYMBOL
LOG: t = .TAC_SYMBOL
LOG: t = .TAC_SYMBOL
LOG: t = .TAC_SYMBOL
LOG: t = .TAC_VECACC
LOG: t = .TAC_MOVE
LOG: t = .TAC_SYMBOL
LOG: t = .TAC_SYMBOL
LOG: t = .TAC_VECACC
LOG: t = .TAC_MOVE
LOG: t = .TAC_FUNCTIONCALL
LOG: t = .TAC_VECATT
LOG: t = .TAC_SYMBOL
LOG: t = .TAC_PRINT
LOG: t = .TAC_SYMBOL
LOG: t = .TAC_SYMBOL
LOG: t = .TAC_SYMBOL
LOG: t = .TAC_VECACC
LOG: t = .TAC_MOVE
LOG: t = .TAC_SYMBOL
LOG: t = .TAC_SYMBOL
LOG: t = .TAC_VECACC
LOG: t = .TAC_MOVE
LOG: t = .TAC_FUNCTIONCALL
LOG: t = .TAC_PRINT
LOG: t = .TAC_SYMBOL
LOG: t = .TAC_PRINT
LOG: t = .TAC_SYMBOL
LOG: t = .TAC_SYMBOL
LOG: t = .TAC_SYMBOL
LOG: t = .TAC_SYMBOL
LOG: t = .TAC_SYMBOL
LOG: t = .TAC_VECACC
LOG: t = .TAC_MOVE
LOG: t = .TAC_SYMBOL
LOG: t = .TAC_SYMBOL
LOG: t = .TAC_VECACC
LOG: t = .TAC_MOVE
LOG: t = .TAC_FUNCTIONCALL
LOG: t = .TAC_VECATT
LOG: t = .TAC_SYMBOL
LOG: t = .TAC_PRINT
LOG: t = .TAC_SYMBOL
LOG: t = .TAC_SYMBOL
LOG: t = .TAC_SYMBOL
LOG: t = .TAC_VECACC
LOG: t = .TAC_MOVE
LOG: t = .TAC_SYMBOL
LOG: t = .TAC_SYMBOL
LOG: t = .TAC_VECACC
LOG: t = .TAC_MOVE
LOG: t = .TAC_FUNCTIONCALL
LOG: t = .TAC_PRINT
LOG: t = .TAC_SYMBOL
LOG: t = .TAC_PRINT
LOG: t = .TAC_SYMBOL
LOG: t = .TAC_SYMBOL
LOG: t = .TAC_SYMBOL
LOG: t = .TAC_SYMBOL
LOG: t = .TAC_SYMBOL
LOG: t = .TAC_VECACC
LOG: t = .TAC_MOVE
LOG: t = .TAC_SYMBOL
LOG: t = .TAC_SYMBOL
LOG: t = .TAC_VECACC
LOG: t = .TAC_MOVE
LOG: t = .TAC_FUNCTIONCALL
LOG: t = .TAC_VECATT
LOG: t = .TAC_SYMBOL
LOG: t = .TAC_PRINT
LOG: t = .TAC_SYMBOL
LOG: t = .TAC_SYMBOL
LOG: t = .TAC_SYMBOL
LOG: t = .TAC_VECACC
LOG: t = .TAC_MOVE
LOG: t = .TAC_SYMBOL
LOG: t = .TAC_SYMBOL
LOG: t = .TAC_VECACC
LOG: t = .TAC_MOVE
LOG: t = .TAC_FUNCTIONCALL
LOG: t = .TAC_PRINT
LOG: t = .TAC_SYMBOL
LOG: t = .TAC_PRINT
LOG: t = .TAC_SYMBOL
LOG: t = .TAC_SYMBOL
LOG: t = .TAC_SYMBOL
LOG: t = .TAC_SYMBOL
LOG: t = .TAC_SYMBOL
LOG: t = .TAC_VECACC
LOG: t = .TAC_MOVE
LOG: t = .TAC_SYMBOL
LOG: t = .TAC_SYMBOL
LOG: t = .TAC_VECACC
LOG: t = .TAC_MOVE
LOG: t = .TAC_FUNCTIONCALL
LOG: t = .TAC_VECATT
LOG: t = .TAC_SYMBOL
LOG: t = .TAC_PRINT
LOG: t = .TAC_SYMBOL
LOG: t = .TAC_SYMBOL
LOG: t = .TAC_VECACC
LOG: t = .TAC_PRINT
LOG: t = .TAC_SYMBOL
LOG: t = .TAC_PRINT
LOG: t = .TAC_SYMBOL
LOG: t = .TAC_PRINT
LOG: t = .TAC_SYMBOL
LOG: t = .TAC_SYMBOL
LOG: t = .TAC_VECACC
LOG: t = .TAC_PRINT
LOG: t = .TAC_SYMBOL
LOG: t = .TAC_PRINT
LOG: t = .TAC_SYMBOL
LOG: t = .TAC_PRINT
LOG: t = .TAC_SYMBOL
LOG: t = .TAC_SYMBOL
LOG: t = .TAC_VECACC
LOG: t = .TAC_PRINT
LOG: t = .TAC_SYMBOL
LOG: t = .TAC_PRINT
LOG: t = .TAC_SYMBOL
LOG: t = .TAC_PRINT
LOG: t = .TAC_SYMBOL
LOG: t = .TAC_SYMBOL
LOG: t = .TAC_VECACC
LOG: t = .TAC_PRINT
LOG: t = .TAC_SYMBOL
LOG: t = .TAC_PRINT
LOG: t = .TAC_SYMBOL
LOG: t = .TAC_RETURN
LOG: t = .TAC_FUNCTIONEND
LOG: t = .TAC_FUNCTIONBEGIN
LOG: t = .TAC_SYMBOL
LOG: t = .TAC_PRINT
LOG: t = .TAC_SYMBOL
LOG: t = .TAC_READ
LOG: t = .TAC_MOVE
LOG: t = .TAC_SYMBOL
LOG: t = .TAC_PRINT
LOG: t = .TAC_SYMBOL
LOG: t = .TAC_READ
LOG: t = .TAC_MOVE
LOG: t = .TAC_SYMBOL
LOG: t = .TAC_PRINT
LOG: t = .TAC_SYMBOL
LOG: t = .TAC_READ
LOG: t = .TAC_MOVE
LOG: t = .TAC_SYMBOL
LOG: t = .TAC_PRINT
LOG: t = .TAC_SYMBOL
LOG: t = .TAC_PRINT
LOG: t = .TAC_SYMBOL
LOG: t = .TAC_PRINT
LOG: t = .TAC_SYMBOL
LOG: t = .TAC_SYMBOL
LOG: t = .TAC_SYMBOL
LOG: t = .TAC_MOVE
LOG: t = .TAC_SYMBOL
LOG: t = .TAC_MOVE
LOG: t = .TAC_FUNCTIONCALL
LOG: t = .TAC_MOVE
LOG: t = .TAC_SYMBOL
LOG: t = .TAC_PRINT
LOG: t = .TAC_SYMBOL
LOG: t = .TAC_SYMBOL
LOG: t = .TAC_MOVE
LOG: t = .TAC_SYMBOL
LOG: t = .TAC_MOVE
LOG: t = .TAC_FUNCTIONCALL
LOG: t = .TAC_PRINT
LOG: t = .TAC_SYMBOL
LOG: t = .TAC_PRINT
LOG: t = .TAC_FUNCTIONEND
LOG: t = .TAC_FUNCTIONBEGIN
LOG: t = .TAC_SYMBOL
LOG: t = .TAC_SYMBOL
LOG: t = .TAC_EQ
LOG: t = .TAC_JFALSE
LOG: t = .TAC_SYMBOL
LOG: t = .TAC_PRINT
LOG: t = .TAC_SYMBOL
LOG: t = .TAC_PRINT
LOG: t = .TAC_JMP
LOG: t = .TAC_LABEL
LOG: t = .TAC_SYMBOL
LOG: t = .TAC_PRINT
LOG: t = .TAC_SYMBOL
LOG: t = .TAC_PRINT
LOG: t = .TAC_LABEL
LOG: t = .TAC_SYMBOL
LOG: t = .TAC_SYMBOL
LOG: t = .TAC_GE
LOG: t = .TAC_JFALSE
LOG: t = .TAC_SYMBOL
LOG: t = .TAC_PRINT
LOG: t = .TAC_SYMBOL
LOG: t = .TAC_PRINT
LOG: t = .TAC_JMP
LOG: t = .TAC_LABEL
LOG: t = .TAC_SYMBOL
LOG: t = .TAC_PRINT
LOG: t = .TAC_SYMBOL
LOG: t = .TAC_PRINT
LOG: t = .TAC_LABEL
LOG: t = .TAC_SYMBOL
LOG: t = .TAC_SYMBOL
LOG: t = .TAC_LE
LOG: t = .TAC_JFALSE
LOG: t = .TAC_SYMBOL
LOG: t = .TAC_PRINT
LOG: t = .TAC_SYMBOL
LOG: t = .TAC_PRINT
LOG: t = .TAC_JMP
LOG: t = .TAC_LABEL
LOG: t = .TAC_SYMBOL
LOG: t = .TAC_PRINT
LOG: t = .TAC_SYMBOL
LOG: t = .TAC_PRINT
LOG: t = .TAC_LABEL
LOG: t = .TAC_SYMBOL
LOG: t = .TAC_SYMBOL
LOG: t = .TAC_GT
LOG: t = .TAC_JFALSE
LOG: t = .TAC_SYMBOL
LOG: t = .TAC_PRINT
LOG: t = .TAC_SYMBOL
LOG: t = .TAC_PRINT
LOG: t = .TAC_JMP
LOG: t = .TAC_LABEL
LOG: t = .TAC_SYMBOL
LOG: t = .TAC_PRINT
LOG: t = .TAC_SYMBOL
LOG: t = .TAC_PRINT
LOG: t = .TAC_LABEL
LOG: t = .TAC_SYMBOL
LOG: t = .TAC_SYMBOL
LOG: t = .TAC_LT
LOG: t = .TAC_JFALSE
LOG: t = .TAC_SYMBOL
LOG: t = .TAC_PRINT
LOG: t = .TAC_SYMBOL
LOG: t = .TAC_PRINT
LOG: t = .TAC_JMP
LOG: t = .TAC_LABEL
LOG: t = .TAC_SYMBOL
LOG: t = .TAC_PRINT
LOG: t = .TAC_SYMBOL
LOG: t = .TAC_PRINT
LOG: t = .TAC_LABEL
LOG: t = .TAC_SYMBOL
LOG: t = .TAC_SYMBOL
LOG: t = .TAC_DIF
LOG: t = .TAC_JFALSE
LOG: t = .TAC_SYMBOL
LOG: t = .TAC_PRINT
LOG: t = .TAC_SYMBOL
LOG: t = .TAC_PRINT
LOG: t = .TAC_JMP
LOG: t = .TAC_LABEL
LOG: t = .TAC_SYMBOL
LOG: t = .TAC_PRINT
LOG: t = .TAC_SYMBOL
LOG: t = .TAC_PRINT
LOG: t = .TAC_LABEL
LOG: t = .TAC_FUNCTIONEND
LOG: t = .TAC_FUNCTIONBEGIN
LOG: t = .TAC_LABEL
LOG: t = .TAC_SYMBOL
LOG: t = .TAC_SYMBOL
LOG: t = .TAC_LT
LOG: t = .TAC_SYMBOL
LOG: t = .TAC_SYMBOL
LOG: t = .TAC_EQ
LOG: t = .TAC_SYMBOL
LOG: t = .TAC_SYMBOL
LOG: t = .TAC_EQ
LOG: t = .TAC_OR
LOG: t = .TAC_NOT
LOG: t = .TAC_AND
LOG: t = .TAC_JFALSE
LOG: t = .TAC_BEGINBLOCK
LOG: t = .TAC_SYMBOL
LOG: t = .TAC_PRINT
LOG: t = .TAC_SYMBOL
LOG: t = .TAC_PRINT
LOG: t = .TAC_SYMBOL
LOG: t = .TAC_SYMBOL
LOG: t = .TAC_SYMBOL
LOG: t = .TAC_ADD
LOG: t = .TAC_MOVE
LOG: t = .TAC_SYMBOL
LOG: t = .TAC_PRINT
LOG: t = .TAC_SYMBOL
LOG: t = .TAC_PRINT
LOG: t = .TAC_SYMBOL
LOG: t = .TAC_PRINT
LOG: t = .TAC_ENDBLOCK
LOG: t = .TAC_JMP
LOG: t = .TAC_LABEL
LOG: t = .TAC_FUNCTIONEND
LOG: t = .TAC_FUNCTIONBEGIN
LOG: t = .TAC_SYMBOL
LOG: t = .TAC_SYMBOL
LOG: t = .TAC_DIV
LOG: t = .TAC_RETURN
LOG: t = .TAC_FUNCTIONEND
LOG: t = .TAC_FUNCTIONBEGIN
LOG: t = .TAC_SYMBOL
LOG: t = .TAC_SYMBOL
LOG: t = .TAC_MOVE
LOG: t = .TAC_SYMBOL
LOG: t = .TAC_SYMBOL
LOG: t = .TAC_MOVE
LOG: t = .TAC_SYMBOL
LOG: t = .TAC_SYMBOL
LOG: t = .TAC_SYMBOL
LOG: t = .TAC_SYMBOL
LOG: t = .TAC_SYMBOL
LOG: t = .TAC_ADD
LOG: t = .TAC_MOVE
LOG: t = .TAC_SYMBOL
LOG: t = .TAC_SYMBOL
LOG: t = .TAC_DIV
LOG: t = .TAC_MOVE
LOG: t = .TAC_FUNCTIONCALL
LOG: t = .TAC_VECATT
LOG: t = .TAC_SYMBOL
LOG: t = .TAC_SYMBOL
LOG: t = .TAC_VECACC
LOG: t = .TAC_PRINT
LOG: t = .TAC_SYMBOL
LOG: t = .TAC_PRINT
LOG: t = .TAC_SYMBOL
LOG: t = .TAC_RETURN
LOG: t = .TAC_FUNCTIONEND
