TAC[TAC_VECDEFBEGIN, veeeetor, 10, ]
TAC[TAC_VECDEFEND, veeeetor, , ]
TAC[TAC_VECDEFBEGIN, vector, 4, ]
TAC[TAC_VECDEF, vector, 'a', 0]
TAC[TAC_VECDEF, vector, 'b', 1]
TAC[TAC_VECDEF, vector, 'c', 2]
TAC[TAC_VECDEF, vector, 'd', 3]
TAC[TAC_VECDEFEND, vector, , ]
TAC[TAC_FUNCTIONBEGIN, soma, , ]
TAC[TAC_ADD, temp_117, a., b.]
TAC[TAC_RETURN, temp_117, , ]
TAC[TAC_FUNCTIONEND, soma, , ]
TAC[TAC_FUNCTIONBEGIN, subtracao, , ]
TAC[TAC_SUB, temp_116, a.., b..]
TAC[TAC_RETURN, temp_116, , ]
TAC[TAC_FUNCTIONEND, subtracao, , ]
TAC[TAC_FUNCTIONBEGIN, multiplicacao, , ]
TAC[TAC_MUL, temp_115, a..., b...]
TAC[TAC_RETURN, temp_115, , ]
TAC[TAC_FUNCTIONEND, multiplicacao, , ]
TAC[TAC_FUNCTIONBEGIN, divisao, , ]
TAC[TAC_DIV, temp_114, a...., b....]
TAC[TAC_RETURN, temp_114, , ]
TAC[TAC_FUNCTIONEND, divisao, , ]
TAC[TAC_FUNCTIONBEGIN, testaVetor, , ]
TAC[TAC_PRINT, "vector[0]: ", , ]
TAC[TAC_VECACC, temp_113, vector, 0]
TAC[TAC_PRINT, temp_113, , ]
TAC[TAC_PRINT, "\n", , ]
TAC[TAC_PRINT, "vector[1]: ", , ]
TAC[TAC_VECACC, temp_111, vector, 1]
TAC[TAC_PRINT, temp_111, , ]
TAC[TAC_PRINT, "\n", , ]
TAC[TAC_PRINT, "vector[2]: ", , ]
TAC[TAC_VECACC, temp_109, vector, 2]
TAC[TAC_PRINT, temp_109, , ]
TAC[TAC_PRINT, "\n", , ]
TAC[TAC_PRINT, "vector[3]: ", , ]
TAC[TAC_VECACC, temp_107, vector, 3]
TAC[TAC_PRINT, temp_107, , ]
TAC[TAC_PRINT, "\n", , ]
TAC[TAC_PRINT, "vector[0] = soma(vector[0], vector[1]): ", , ]
TAC[TAC_VECACC, temp_104, vector, 0]
TAC[TAC_MOVE, a., temp_104, ]
TAC[TAC_VECACC, temp_105, vector, 1]
TAC[TAC_MOVE, b., temp_105, ]
TAC[TAC_FUNCTIONCALL, temp_103, soma, ]
TAC[TAC_PRINT, temp_103, , ]
TAC[TAC_PRINT, "\n", , ]
TAC[TAC_VECACC, temp_94, vector, 0]
TAC[TAC_MOVE, a., temp_94, ]
TAC[TAC_VECACC, temp_95, vector, 1]
TAC[TAC_MOVE, b., temp_95, ]
TAC[TAC_FUNCTIONCALL, temp_93, soma, ]
TAC[TAC_VECATT, vector, 0, temp_93]
TAC[TAC_PRINT, "vector[1] = subtracao(vector[1], vector[2]): ", , ]
TAC[TAC_VECACC, temp_89, vector, 1]
TAC[TAC_MOVE, a.., temp_89, ]
TAC[TAC_VECACC, temp_90, vector, 2]
TAC[TAC_MOVE, b.., temp_90, ]
TAC[TAC_FUNCTIONCALL, temp_88, subtracao, ]
TAC[TAC_PRINT, temp_88, , ]
TAC[TAC_PRINT, "\n", , ]
TAC[TAC_VECACC, temp_79, vector, 1]
TAC[TAC_MOVE, a.., temp_79, ]
TAC[TAC_VECACC, temp_80, vector, 2]
TAC[TAC_MOVE, b.., temp_80, ]
TAC[TAC_FUNCTIONCALL, temp_78, subtracao, ]
TAC[TAC_VECATT, vector, 1, temp_78]
TAC[TAC_PRINT, "vector[2] = multiplicacao(vector[2], vector[3]): ", , ]
TAC[TAC_VECACC, temp_74, vector, 2]
TAC[TAC_MOVE, a..., temp_74, ]
TAC[TAC_VECACC, temp_75, vector, 3]
TAC[TAC_MOVE, b..., temp_75, ]
TAC[TAC_FUNCTIONCALL, temp_73, multiplicacao, ]
TAC[TAC_PRINT, temp_73, , ]
TAC[TAC_PRINT, "\n", , ]
TAC[TAC_VECACC, temp_64, vector, 2]
TAC[TAC_MOVE, a..., temp_64, ]
TAC[TAC_VECACC, temp_65, vector, 3]
TAC[TAC_MOVE, b..., temp_65, ]
TAC[TAC_FUNCTIONCALL, temp_63, multiplicacao, ]
TAC[TAC_VECATT, vector, 2, temp_63]
TAC[TAC_PRINT, "vector[3] = divisao(vector[3], vector[0]): ", , ]
TAC[TAC_VECACC, temp_59, vector, 3]
TAC[TAC_MOVE, a...., temp_59, ]
TAC[TAC_VECACC, temp_60, vector, 0]
TAC[TAC_MOVE, b...., temp_60, ]
TAC[TAC_FUNCTIONCALL, temp_58, divisao, ]
TAC[TAC_PRINT, temp_58, , ]
TAC[TAC_PRINT, "\n", , ]
TAC[TAC_VECACC, temp_49, vector, 3]
TAC[TAC_MOVE, a...., temp_49, ]
TAC[TAC_VECACC, temp_50, vector, 0]
TAC[TAC_MOVE, b...., temp_50, ]
TAC[TAC_FUNCTIONCALL, temp_48, divisao, ]
TAC[TAC_VECATT, vector, 3, temp_48]
TAC[TAC_PRINT, "vector[0]: ", , ]
TAC[TAC_VECACC, temp_45, vector, 0]
TAC[TAC_PRINT, temp_45, , ]
TAC[TAC_PRINT, "\n", , ]
TAC[TAC_PRINT, "vector[1]: ", , ]
TAC[TAC_VECACC, temp_43, vector, 1]
TAC[TAC_PRINT, temp_43, , ]
TAC[TAC_PRINT, "\n", , ]
TAC[TAC_PRINT, "vector[2]: ", , ]
TAC[TAC_VECACC, temp_41, vector, 2]
TAC[TAC_PRINT, temp_41, , ]
TAC[TAC_PRINT, "\n", , ]
TAC[TAC_PRINT, "vector[3]: ", , ]
TAC[TAC_VECACC, temp_39, vector, 3]
TAC[TAC_PRINT, temp_39, , ]
TAC[TAC_PRINT, "\n", , ]
TAC[TAC_RETURN, 0, , ]
TAC[TAC_FUNCTIONEND, testaVetor, , ]
TAC[TAC_FUNCTIONBEGIN, recebeEntradaETestaSoma, , ]
TAC[TAC_PRINT, "Entre com um valor para x:\n", , ]
TAC[TAC_READ, temp_37, , ]
TAC[TAC_MOVE, x, temp_37, ]
TAC[TAC_PRINT, "Entre com um valor para y:\n", , ]
TAC[TAC_READ, temp_36, , ]
TAC[TAC_MOVE, y, temp_36, ]
TAC[TAC_PRINT, "Valor real que vai virar inteiro:\n", , ]
TAC[TAC_READ, temp_35, , ]
TAC[TAC_MOVE, f, temp_35, ]
TAC[TAC_PRINT, "Como inteiro: ", , ]
TAC[TAC_PRINT, f, , ]
TAC[TAC_PRINT, "\n", , ]
TAC[TAC_MOVE, a., x, ]
TAC[TAC_MOVE, b., y, ]
TAC[TAC_FUNCTIONCALL, temp_34, soma, ]
TAC[TAC_MOVE, z, temp_34, ]
TAC[TAC_PRINT, "soma(x, y) = ", , ]
TAC[TAC_MOVE, a., x, ]
TAC[TAC_MOVE, b., y, ]
TAC[TAC_FUNCTIONCALL, temp_33, soma, ]
TAC[TAC_PRINT, temp_33, , ]
TAC[TAC_PRINT, "\n", , ]
TAC[TAC_FUNCTIONEND, recebeEntradaETestaSoma, , ]
TAC[TAC_FUNCTIONBEGIN, comparaXeY, , ]
TAC[TAC_EQ, temp_31, x, y]
TAC[TAC_JFALSE, label_12, temp_31, ]
TAC[TAC_PRINT, "x == y", , ]
TAC[TAC_PRINT, "\n", , ]
TAC[TAC_JMP, label_13, , ]
TAC[TAC_LABEL, label_12, , ]
TAC[TAC_PRINT, "not x == y", , ]
TAC[TAC_PRINT, "\n", , ]
TAC[TAC_LABEL, label_13, , ]
TAC[TAC_GE, temp_29, x, y]
TAC[TAC_JFALSE, label_10, temp_29, ]
TAC[TAC_PRINT, "x >= y", , ]
TAC[TAC_PRINT, "\n", , ]
TAC[TAC_JMP, label_11, , ]
TAC[TAC_LABEL, label_10, , ]
TAC[TAC_PRINT, "not x >= y", , ]
TAC[TAC_PRINT, "\n", , ]
TAC[TAC_LABEL, label_11, , ]
TAC[TAC_LE, temp_27, x, y]
TAC[TAC_JFALSE, label_8, temp_27, ]
TAC[TAC_PRINT, "x <= y", , ]
TAC[TAC_PRINT, "\n", , ]
TAC[TAC_JMP, label_9, , ]
TAC[TAC_LABEL, label_8, , ]
TAC[TAC_PRINT, "not x <= y", , ]
TAC[TAC_PRINT, "\n", , ]
TAC[TAC_LABEL, label_9, , ]
TAC[TAC_GT, temp_25, x, y]
TAC[TAC_JFALSE, label_6, temp_25, ]
TAC[TAC_PRINT, "x > y", , ]
TAC[TAC_PRINT, "\n", , ]
TAC[TAC_JMP, label_7, , ]
TAC[TAC_LABEL, label_6, , ]
TAC[TAC_PRINT, "not x > y", , ]
TAC[TAC_PRINT, "\n", , ]
TAC[TAC_LABEL, label_7, , ]
TAC[TAC_LT, temp_23, x, y]
TAC[TAC_JFALSE, label_4, temp_23, ]
TAC[TAC_PRINT, "x < y", , ]
TAC[TAC_PRINT, "\n", , ]
TAC[TAC_JMP, label_5, , ]
TAC[TAC_LABEL, label_4, , ]
TAC[TAC_PRINT, "not x < y", , ]
TAC[TAC_PRINT, "\n", , ]
TAC[TAC_LABEL, label_5, , ]
TAC[TAC_DIF, temp_21, x, y]
TAC[TAC_JFALSE, label_2, temp_21, ]
TAC[TAC_PRINT, "x != y", , ]
TAC[TAC_PRINT, "\n", , ]
TAC[TAC_JMP, label_3, , ]
TAC[TAC_LABEL, label_2, , ]
TAC[TAC_PRINT, "not x != y", , ]
TAC[TAC_PRINT, "\n", , ]
TAC[TAC_LABEL, label_3, , ]
TAC[TAC_FUNCTIONEND, comparaXeY, , ]
TAC[TAC_FUNCTIONBEGIN, testeLoop, , ]
TAC[TAC_LABEL, label_1, , ]
TAC[TAC_LT, temp_17, x, y]
TAC[TAC_EQ, temp_14, x, 7]
TAC[TAC_EQ, temp_13, y, 5]
TAC[TAC_OR, temp_15, temp_14, temp_13]
TAC[TAC_NOT, temp_16, temp_15, ]
TAC[TAC_AND, temp_18, temp_17, temp_16]
TAC[TAC_JFALSE, label_0, temp_18, ]
TAC[TAC_BEGINBLOCK, , , ]
TAC[TAC_PRINT, "inc ", , ]
TAC[TAC_PRINT, x, , ]
TAC[TAC_ADD, temp_19, x, 1]
TAC[TAC_MOVE, x, temp_19, ]
TAC[TAC_PRINT, " -> ", , ]
TAC[TAC_PRINT, x, , ]
TAC[TAC_PRINT, "\n", , ]
TAC[TAC_ENDBLOCK, , , ]
TAC[TAC_JMP, label_1, , ]
TAC[TAC_LABEL, label_0, , ]
TAC[TAC_FUNCTIONEND, testeLoop, , ]
TAC[TAC_FUNCTIONBEGIN, divisaoImpossivel, , ]
TAC[TAC_DIV, temp_5, numeradorDivisaoImpossivel, 0]
TAC[TAC_RETURN, temp_5, , ]
TAC[TAC_FUNCTIONEND, divisaoImpossivel, , ]
TAC[TAC_FUNCTIONBEGIN, main, , ]
TAC[TAC_VECACC, temp_4, vector, 3]
TAC[TAC_PRINT, temp_4, , ]
TAC[TAC_PRINT, "\n", , ]
TAC[TAC_READ, temp_2, , ]
TAC[TAC_VECATT, vector, 3, temp_2]
TAC[TAC_VECACC, temp_1, vector, 3]
TAC[TAC_PRINT, temp_1, , ]
TAC[TAC_PRINT, "\n", , ]
TAC[TAC_RETURN, 0, , ]
TAC[TAC_FUNCTIONEND, main, , ]
LOG: t = .TAC_SYMBOL
LOG: t = .TAC_VECDEFBEGIN
LOG: t = .TAC_SYMBOL
LOG: t = .TAC_VECDEFBEGIN
LOG: t = .TAC_FUNCTIONBEGIN
LOG: t = .TAC_SYMBOL
LOG: t = .TAC_SYMBOL
LOG: t = .TAC_ADD
LOG: t = .TAC_RETURN
LOG: t = .TAC_FUNCTIONEND
LOG: t = .TAC_FUNCTIONBEGIN
LOG: t = .TAC_SYMBOL
LOG: t = .TAC_SYMBOL
LOG: t = .TAC_SUB
LOG: t = .TAC_RETURN
LOG: t = .TAC_FUNCTIONEND
LOG: t = .TAC_FUNCTIONBEGIN
LOG: t = .TAC_SYMBOL
LOG: t = .TAC_SYMBOL
LOG: t = .TAC_MUL
LOG: t = .TAC_RETURN
LOG: t = .TAC_FUNCTIONEND
LOG: t = .TAC_FUNCTIONBEGIN
LOG: t = .TAC_SYMBOL
LOG: t = .TAC_SYMBOL
LOG: t = .TAC_DIV
LOG: t = .TAC_RETURN
LOG: t = .TAC_FUNCTIONEND
LOG: t = .TAC_FUNCTIONBEGIN
LOG: t = .TAC_SYMBOL
LOG: t = .TAC_PRINT
LOG: t = .TAC_SYMBOL
LOG: t = .TAC_SYMBOL
LOG: t = .TAC_VECACC
LOG: t = .TAC_PRINT
LOG: t = .TAC_SYMBOL
LOG: t = .TAC_PRINT
LOG: t = .TAC_SYMBOL
LOG: t = .TAC_PRINT
LOG: t = .TAC_SYMBOL
LOG: t = .TAC_SYMBOL
LOG: t = .TAC_VECACC
LOG: t = .TAC_PRINT
LOG: t = .TAC_SYMBOL
LOG: t = .TAC_PRINT
LOG: t = .TAC_SYMBOL
LOG: t = .TAC_PRINT
LOG: t = .TAC_SYMBOL
LOG: t = .TAC_SYMBOL
LOG: t = .TAC_VECACC
LOG: t = .TAC_PRINT
LOG: t = .TAC_SYMBOL
LOG: t = .TAC_PRINT
LOG: t = .TAC_SYMBOL
LOG: t = .TAC_PRINT
LOG: t = .TAC_SYMBOL
LOG: t = .TAC_SYMBOL
LOG: t = .TAC_VECACC
LOG: t = .TAC_PRINT
LOG: t = .TAC_SYMBOL
LOG: t = .TAC_PRINT
LOG: t = .TAC_SYMBOL
LOG: t = .TAC_PRINT
LOG: t = .TAC_SYMBOL
LOG: t = .TAC_SYMBOL
LOG: t = .TAC_SYMBOL
LOG: t = .TAC_VECACC
LOG: t = .TAC_MOVE
LOG: t = .TAC_SYMBOL
LOG: t = .TAC_SYMBOL
LOG: t = .TAC_VECACC
LOG: t = .TAC_MOVE
LOG: t = .TAC_FUNCTIONCALL
LOG: t = .TAC_PRINT
LOG: t = .TAC_SYMBOL
LOG: t = .TAC_PRINT
LOG: t = .TAC_SYMBOL
LOG: t = .TAC_SYMBOL
LOG: t = .TAC_SYMBOL
LOG: t = .TAC_SYMBOL
LOG: t = .TAC_SYMBOL
LOG: t = .TAC_VECACC
LOG: t = .TAC_MOVE
LOG: t = .TAC_SYMBOL
LOG: t = .TAC_SYMBOL
LOG: t = .TAC_VECACC
LOG: t = .TAC_MOVE
LOG: t = .TAC_FUNCTIONCALL
LOG: t = .TAC_VECATT
LOG: t = .TAC_SYMBOL
LOG: t = .TAC_PRINT
LOG: t = .TAC_SYMBOL
LOG: t = .TAC_SYMBOL
LOG: t = .TAC_SYMBOL
LOG: t = .TAC_VECACC
LOG: t = .TAC_MOVE
LOG: t = .TAC_SYMBOL
LOG: t = .TAC_SYMBOL
LOG: t = .TAC_VECACC
LOG: t = .TAC_MOVE
LOG: t = .TAC_FUNCTIONCALL
LOG: t = .TAC_PRINT
LOG: t = .TAC_SYMBOL
LOG: t = .TAC_PRINT
LOG: t = .TAC_SYMBOL
LOG: t = .TAC_SYMBOL
LOG: t = .TAC_SYMBOL
LOG: t = .TAC_SYMBOL
LOG: t = .TAC_SYMBOL
LOG: t = .TAC_VECACC
LOG: t = .TAC_MOVE
LOG: t = .TAC_SYMBOL
LOG: t = .TAC_SYMBOL
LOG: t = .TAC_VECACC
LOG: t = .TAC_MOVE
LOG: t = .TAC_FUNCTIONCALL
LOG: t = .TAC_VECATT
LOG: t = .TAC_SYMBOL
LOG: t = .TAC_PRINT
LOG: t = .TAC_SYMBOL
LOG: t = .TAC_SYMBOL
LOG: t = .TAC_SYMBOL
LOG: t = .TAC_VECACC
LOG: t = .TAC_MOVE
LOG: t = .TAC_SYMBOL
LOG: t = .TAC_SYMBOL
LOG: t = .TAC_VECACC
LOG: t = .TAC_MOVE
LOG: t = .TAC_FUNCTIONCALL
LOG: t = .TAC_PRINT
LOG: t = .TAC_SYMBOL
LOG: t = .TAC_PRINT
LOG: t = .TAC_SYMBOL
LOG: t = .TAC_SYMBOL
LOG: t = .TAC_SYMBOL
LOG: t = .TAC_SYMBOL
LOG: t = .TAC_SYMBOL
LOG: t = .TAC_VECACC
LOG: t = .TAC_MOVE
LOG: t = .TAC_SYMBOL
LOG: t = .TAC_SYMBOL
LOG: t = .TAC_VECACC
LOG: t = .TAC_MOVE
LOG: t = .TAC_FUNCTIONCALL
LOG: t = .TAC_VECATT
LOG: t = .TAC_SYMBOL
LOG: t = .TAC_PRINT
LOG: t = .TAC_SYMBOL
LOG: t = .TAC_SYMBOL
LOG: t = .TAC_SYMBOL
LOG: t = .TAC_VECACC
LOG: t = .TAC_MOVE
LOG: t = .TAC_SYMBOL
LOG: t = .TAC_SYMBOL
LOG: t = .TAC_VECACC
LOG: t = .TAC_MOVE
LOG: t = .TAC_FUNCTIONCALL
LOG: t = .TAC_PRINT
LOG: t = .TAC_SYMBOL
LOG: t = .TAC_PRINT
LOG: t = .TAC_SYMBOL
LOG: t = .TAC_SYMBOL
LOG: t = .TAC_SYMBOL
LOG: t = .TAC_SYMBOL
LOG: t = .TAC_SYMBOL
LOG: t = .TAC_VECACC
LOG: t = .TAC_MOVE
LOG: t = .TAC_SYMBOL
LOG: t = .TAC_SYMBOL
LOG: t = .TAC_VECACC
LOG: t = .TAC_MOVE
LOG: t = .TAC_FUNCTIONCALL
LOG: t = .TAC_VECATT
LOG: t = .TAC_SYMBOL
LOG: t = .TAC_PRINT
LOG: t = .TAC_SYMBOL
LOG: t = .TAC_SYMBOL
LOG: t = .TAC_VECACC
LOG: t = .TAC_PRINT
LOG: t = .TAC_SYMBOL
LOG: t = .TAC_PRINT
LOG: t = .TAC_SYMBOL
LOG: t = .TAC_PRINT
LOG: t = .TAC_SYMBOL
LOG: t = .TAC_SYMBOL
LOG: t = .TAC_VECACC
LOG: t = .TAC_PRINT
LOG: t = .TAC_SYMBOL
LOG: t = .TAC_PRINT
LOG: t = .TAC_SYMBOL
LOG: t = .TAC_PRINT
LOG: t = .TAC_SYMBOL
LOG: t = .TAC_SYMBOL
LOG: t = .TAC_VECACC
LOG: t = .TAC_PRINT
LOG: t = .TAC_SYMBOL
LOG: t = .TAC_PRINT
LOG: t = .TAC_SYMBOL
LOG: t = .TAC_PRINT
LOG: t = .TAC_SYMBOL
LOG: t = .TAC_SYMBOL
LOG: t = .TAC_VECACC
LOG: t = .TAC_PRINT
LOG: t = .TAC_SYMBOL
LOG: t = .TAC_PRINT
LOG: t = .TAC_SYMBOL
LOG: t = .TAC_RETURN
LOG: t = .TAC_FUNCTIONEND
LOG: t = .TAC_FUNCTIONBEGIN
LOG: t = .TAC_SYMBOL
LOG: t = .TAC_PRINT
LOG: t = .TAC_SYMBOL
LOG: t = .TAC_READ
LOG: t = .TAC_MOVE
LOG: t = .TAC_SYMBOL
LOG: t = .TAC_PRINT
LOG: t = .TAC_SYMBOL
LOG: t = .TAC_READ
LOG: t = .TAC_MOVE
LOG: t = .TAC_SYMBOL
LOG: t = .TAC_PRINT
LOG: t = .TAC_SYMBOL
LOG: t = .TAC_READ
LOG: t = .TAC_MOVE
LOG: t = .TAC_SYMBOL
LOG: t = .TAC_PRINT
LOG: t = .TAC_SYMBOL
LOG: t = .TAC_PRINT
LOG: t = .TAC_SYMBOL
LOG: t = .TAC_PRINT
LOG: t = .TAC_SYMBOL
LOG: t = .TAC_SYMBOL
LOG: t = .TAC_SYMBOL
LOG: t = .TAC_MOVE
LOG: t = .TAC_SYMBOL
LOG: t = .TAC_MOVE
LOG: t = .TAC_FUNCTIONCALL
LOG: t = .TAC_MOVE
LOG: t = .TAC_SYMBOL
LOG: t = .TAC_PRINT
LOG: t = .TAC_SYMBOL
LOG: t = .TAC_SYMBOL
LOG: t = .TAC_MOVE
LOG: t = .TAC_SYMBOL
LOG: t = .TAC_MOVE
LOG: t = .TAC_FUNCTIONCALL
LOG: t = .TAC_PRINT
LOG: t = .TAC_SYMBOL
LOG: t = .TAC_PRINT
LOG: t = .TAC_FUNCTIONEND
LOG: t = .TAC_FUNCTIONBEGIN
LOG: t = .TAC_SYMBOL
LOG: t = .TAC_SYMBOL
LOG: t = .TAC_EQ
LOG: t = .TAC_JFALSE
LOG: t = .TAC_SYMBOL
LOG: t = .TAC_PRINT
LOG: t = .TAC_SYMBOL
LOG: t = .TAC_PRINT
LOG: t = .TAC_JMP
LOG: t = .TAC_LABEL
LOG: t = .TAC_SYMBOL
LOG: t = .TAC_PRINT
LOG: t = .TAC_SYMBOL
LOG: t = .TAC_PRINT
LOG: t = .TAC_LABEL
LOG: t = .TAC_SYMBOL
LOG: t = .TAC_SYMBOL
LOG: t = .TAC_GE
LOG: t = .TAC_JFALSE
LOG: t = .TAC_SYMBOL
LOG: t = .TAC_PRINT
LOG: t = .TAC_SYMBOL
LOG: t = .TAC_PRINT
LOG: t = .TAC_JMP
LOG: t = .TAC_LABEL
LOG: t = .TAC_SYMBOL
LOG: t = .TAC_PRINT
LOG: t = .TAC_SYMBOL
LOG: t = .TAC_PRINT
LOG: t = .TAC_LABEL
LOG: t = .TAC_SYMBOL
LOG: t = .TAC_SYMBOL
LOG: t = .TAC_LE
LOG: t = .TAC_JFALSE
LOG: t = .TAC_SYMBOL
LOG: t = .TAC_PRINT
LOG: t = .TAC_SYMBOL
LOG: t = .TAC_PRINT
LOG: t = .TAC_JMP
LOG: t = .TAC_LABEL
LOG: t = .TAC_SYMBOL
LOG: t = .TAC_PRINT
LOG: t = .TAC_SYMBOL
LOG: t = .TAC_PRINT
LOG: t = .TAC_LABEL
LOG: t = .TAC_SYMBOL
LOG: t = .TAC_SYMBOL
LOG: t = .TAC_GT
LOG: t = .TAC_JFALSE
LOG: t = .TAC_SYMBOL
LOG: t = .TAC_PRINT
LOG: t = .TAC_SYMBOL
LOG: t = .TAC_PRINT
LOG: t = .TAC_JMP
LOG: t = .TAC_LABEL
LOG: t = .TAC_SYMBOL
LOG: t = .TAC_PRINT
LOG: t = .TAC_SYMBOL
LOG: t = .TAC_PRINT
LOG: t = .TAC_LABEL
LOG: t = .TAC_SYMBOL
LOG: t = .TAC_SYMBOL
LOG: t = .TAC_LT
LOG: t = .TAC_JFALSE
LOG: t = .TAC_SYMBOL
LOG: t = .TAC_PRINT
LOG: t = .TAC_SYMBOL
LOG: t = .TAC_PRINT
LOG: t = .TAC_JMP
LOG: t = .TAC_LABEL
LOG: t = .TAC_SYMBOL
LOG: t = .TAC_PRINT
LOG: t = .TAC_SYMBOL
LOG: t = .TAC_PRINT
LOG: t = .TAC_LABEL
LOG: t = .TAC_SYMBOL
LOG: t = .TAC_SYMBOL
LOG: t = .TAC_DIF
LOG: t = .TAC_JFALSE
LOG: t = .TAC_SYMBOL
LOG: t = .TAC_PRINT
LOG: t = .TAC_SYMBOL
LOG: t = .TAC_PRINT
LOG: t = .TAC_JMP
LOG: t = .TAC_LABEL
LOG: t = .TAC_SYMBOL
LOG: t = .TAC_PRINT
LOG: t = .TAC_SYMBOL
LOG: t = .TAC_PRINT
LOG: t = .TAC_LABEL
LOG: t = .TAC_FUNCTIONEND
LOG: t = .TAC_FUNCTIONBEGIN
LOG: t = .TAC_LABEL
LOG: t = .TAC_SYMBOL
LOG: t = .TAC_SYMBOL
LOG: t = .TAC_LT
LOG: t = .TAC_SYMBOL
LOG: t = .TAC_SYMBOL
LOG: t = .TAC_EQ
LOG: t = .TAC_SYMBOL
LOG: t = .TAC_SYMBOL
LOG: t = .TAC_EQ
LOG: t = .TAC_OR
LOG: t = .TAC_NOT
LOG: t = .TAC_AND
LOG: t = .TAC_JFALSE
LOG: t = .TAC_BEGINBLOCK
LOG: t = .TAC_SYMBOL
LOG: t = .TAC_PRINT
LOG: t = .TAC_SYMBOL
LOG: t = .TAC_PRINT
LOG: t = .TAC_SYMBOL
LOG: t = .TAC_SYMBOL
LOG: t = .TAC_SYMBOL
LOG: t = .TAC_ADD
LOG: t = .TAC_MOVE
LOG: t = .TAC_SYMBOL
LOG: t = .TAC_PRINT
LOG: t = .TAC_SYMBOL
LOG: t = .TAC_PRINT
LOG: t = .TAC_SYMBOL
LOG: t = .TAC_PRINT
LOG: t = .TAC_ENDBLOCK
LOG: t = .TAC_JMP
LOG: t = .TAC_LABEL
LOG: t = .TAC_FUNCTIONEND
LOG: t = .TAC_FUNCTIONBEGIN
LOG: t = .TAC_SYMBOL
LOG: t = .TAC_SYMBOL
LOG: t = .TAC_DIV
LOG: t = .TAC_RETURN
LOG: t = .TAC_FUNCTIONEND
LOG: t = .TAC_FUNCTIONBEGIN
LOG: t = .TAC_SYMBOL
LOG: t = .TAC_SYMBOL
LOG: t = .TAC_VECACC
LOG: t = .TAC_PRINT
LOG: t = .TAC_SYMBOL
LOG: t = .TAC_PRINT
LOG: t = .TAC_SYMBOL
LOG: t = .TAC_SYMBOL
LOG: t = .TAC_READ
LOG: t = .TAC_VECATT
LOG: t = .TAC_SYMBOL
LOG: t = .TAC_SYMBOL
LOG: t = .TAC_VECACC
LOG: t = .TAC_PRINT
LOG: t = .TAC_SYMBOL
LOG: t = .TAC_PRINT
LOG: t = .TAC_SYMBOL
LOG: t = .TAC_RETURN
LOG: t = .TAC_FUNCTIONEND
